This is pdfTeX, Version 3.14159265-2.6-1.40.16 (TeX Live 2015/Debian) (preloaded format=pdflatex 2018.1.8)  8 JAN 2018 20:23
entering extended mode
 restricted \write18 enabled.
 %&-line parsing enabled.
**dfba-sbml.tex
(./dfba-sbml.tex
LaTeX2e <2016/02/01>
Babel <3.9q> and hyphenation patterns for 81 language(s) loaded.
(./bioinfo.cls
Document Class: bioinfo 2003/02/08 0.1
(/usr/share/texlive/texmf-dist/tex/latex/base/inputenc.sty
Package: inputenc 2015/03/17 v1.2c Input encoding file
\inpenc@prehook=\toks14
\inpenc@posthook=\toks15
)
(/usr/share/texlive/texmf-dist/tex/latex/crop/crop.sty
Package: crop 2003/05/20 v1.9 crop marks (mf)
\stockwidth=\dimen102
\stockheight=\dimen103
\CROP@index=\count79

(/usr/share/texlive/texmf-dist/tex/latex/graphics/color.sty
Package: color 2016/01/03 v1.1b Standard LaTeX Color (DPC)

(/usr/share/texlive/texmf-dist/tex/latex/latexconfig/color.cfg
File: color.cfg 2007/01/18 v1.5 color configuration of teTeX/TeXLive
)
Package color Info: Driver file: pdftex.def on input line 143.

(/usr/share/texlive/texmf-dist/tex/latex/pdftex-def/pdftex.def
File: pdftex.def 2011/05/27 v0.06d Graphics/color for pdfTeX

(/usr/share/texlive/texmf-dist/tex/generic/oberdiek/infwarerr.sty
Package: infwarerr 2010/04/08 v1.3 Providing info/warning/error messages (HO)
)
(/usr/share/texlive/texmf-dist/tex/generic/oberdiek/ltxcmds.sty
Package: ltxcmds 2011/11/09 v1.22 LaTeX kernel commands for general use (HO)
)
\Gread@gobject=\count80
))
(/usr/share/texlive/texmf-dist/tex/latex/graphics/graphics.sty
Package: graphics 2016/01/03 v1.0q Standard LaTeX Graphics (DPC,SPQR)

(/usr/share/texlive/texmf-dist/tex/latex/graphics/trig.sty
Package: trig 2016/01/03 v1.10 sin cos tan (DPC)
)
(/usr/share/texlive/texmf-dist/tex/latex/latexconfig/graphics.cfg
File: graphics.cfg 2010/04/23 v1.9 graphics configuration of TeX Live
)
Package graphics Info: Driver file: pdftex.def on input line 95.
)
\CROP@offset=\count81
Package crop Info: Local config file crop.cfg used on input line 605.

(/usr/share/texlive/texmf-dist/tex/xelatex/xetexconfig/crop.cfg))
(/usr/share/texlive/texmf-dist/tex/latex/graphics/graphicx.sty
Package: graphicx 2014/10/28 v1.0g Enhanced LaTeX Graphics (DPC,SPQR)

(/usr/share/texlive/texmf-dist/tex/latex/graphics/keyval.sty
Package: keyval 2014/10/28 v1.15 key=value parser (DPC)
\KV@toks@=\toks16
)
\Gin@req@height=\dimen104
\Gin@req@width=\dimen105
)
(/usr/share/texlive/texmf-dist/tex/latex/amsmath/amsmath.sty
Package: amsmath 2016/03/03 v2.15a AMS math features
\@mathmargin=\skip41

For additional information on amsmath, use the `?' option.
(/usr/share/texlive/texmf-dist/tex/latex/amsmath/amstext.sty
Package: amstext 2000/06/29 v2.01 AMS text

(/usr/share/texlive/texmf-dist/tex/latex/amsmath/amsgen.sty
File: amsgen.sty 1999/11/30 v2.0 generic functions
\@emptytoks=\toks17
\ex@=\dimen106
))
(/usr/share/texlive/texmf-dist/tex/latex/amsmath/amsbsy.sty
Package: amsbsy 1999/11/29 v1.2d Bold Symbols
\pmbraise@=\dimen107
)
(/usr/share/texlive/texmf-dist/tex/latex/amsmath/amsopn.sty
Package: amsopn 1999/12/14 v2.01 operator names
)
\inf@bad=\count82
LaTeX Info: Redefining \frac on input line 199.
\uproot@=\count83
\leftroot@=\count84
LaTeX Info: Redefining \overline on input line 297.
\classnum@=\count85
\DOTSCASE@=\count86
LaTeX Info: Redefining \ldots on input line 394.
LaTeX Info: Redefining \dots on input line 397.
LaTeX Info: Redefining \cdots on input line 518.
\Mathstrutbox@=\box26
\strutbox@=\box27
\big@size=\dimen108
LaTeX Font Info:    Redeclaring font encoding OML on input line 630.
LaTeX Font Info:    Redeclaring font encoding OMS on input line 631.
\macc@depth=\count87
\c@MaxMatrixCols=\count88
\dotsspace@=\muskip10
\c@parentequation=\count89
\dspbrk@lvl=\count90
\tag@help=\toks18
\row@=\count91
\column@=\count92
\maxfields@=\count93
\andhelp@=\toks19
\eqnshift@=\dimen109
\alignsep@=\dimen110
\tagshift@=\dimen111
\tagwidth@=\dimen112
\totwidth@=\dimen113
\lineht@=\dimen114
\@envbody=\toks20
\multlinegap=\skip42
\multlinetaggap=\skip43
\mathdisplay@stack=\toks21
LaTeX Info: Redefining \[ on input line 2735.
LaTeX Info: Redefining \] on input line 2736.
)
(/usr/share/texlive/texmf-dist/tex/latex/tools/array.sty
Package: array 2014/10/28 v2.4c Tabular extension package (FMi)
\col@sep=\dimen115
\extrarowheight=\dimen116
\NC@list=\toks22
\extratabsurround=\skip44
\backup@length=\skip45
)
(/usr/share/texlive/texmf-dist/tex/latex/amsfonts/amssymb.sty
Package: amssymb 2013/01/14 v3.01 AMS font symbols

(/usr/share/texlive/texmf-dist/tex/latex/amsfonts/amsfonts.sty
Package: amsfonts 2013/01/14 v3.01 Basic AMSFonts support
\symAMSa=\mathgroup4
\symAMSb=\mathgroup5
LaTeX Font Info:    Overwriting math alphabet `\mathfrak' in version `bold'
(Font)                  U/euf/m/n --> U/euf/b/n on input line 106.
))
(/usr/share/texlive/texmf-dist/tex/latex/sttools/flushend.sty
Package: flushend 2015/04/14 v3.1 Balancing columns in twocolumn mode
\flushend@@lastskip@a=\skip46
\flushend@@lastskip@b=\skip47
\flushend@@lastskip@c=\skip48
\flushend@@penalty@a=\count94
\flushend@@lastkern@a=\dimen117
\var@@temp@spread=\dimen118
\var@@temp@a=\dimen119
\flushend@@page@rule=\dimen120
\flushend@@varbox@a=\box28
\flushend@@varbox@c=\box29
\flushend@@tempbox@a=\box30
\flushend@@tempbox@c=\box31
\@viper=\box32
\hold@viper=\box33
\atColsBreak=\toks23
\atColsEnd=\toks24

(/usr/share/texlive/texmf-dist/tex/latex/etoolbox/etoolbox.sty
Package: etoolbox 2015/08/02 v2.2a e-TeX tools for LaTeX (JAW)
\etb@tempcnta=\count95
))
(/usr/share/texlive/texmf-dist/tex/latex/sttools/stfloats.sty
Package: stfloats 2016/02/08 v2.0 Improve float mechanism and baselineskip sett
ings
\@dblbotnum=\count96
\c@dblbotnumber=\count97
)
(/usr/share/texlive/texmf-dist/tex/latex/amscls/amsthm.sty
Package: amsthm 2015/03/04 v2.20.2
\thm@style=\toks25
\thm@bodyfont=\toks26
\thm@headfont=\toks27
\thm@notefont=\toks28
\thm@headpunct=\toks29
\thm@preskip=\skip49
\thm@postskip=\skip50
\thm@headsep=\skip51
\dth@everypar=\toks30
)
(/usr/share/texlive/texmf-dist/tex/latex/changepage/chngpage.sty
Package: chngpage 2009/10/20 v1.2b change page layout
\c@cp@cnt=\count98
\c@cp@tempcnt=\count99
)
(/usr/share/texlive/texmf-dist/tex/latex/psnfss/times.sty
Package: times 2005/04/12 PSNFSS-v9.2a (SPQR) 
)
(/usr/share/texlive/texmf-dist/tex/latex/base/fontenc.sty
Package: fontenc 2005/09/27 v1.99g Standard LaTeX package

(/usr/share/texlive/texmf-dist/tex/latex/ly1/ly1enc.def
File: ly1enc.def 2009/07/22 v0.7 TeX 'n ANSI encoding (DPC/KB)
)
LaTeX Font Info:    Try loading font information for LY1+ptm on input line 105.


(/usr/share/texlive/texmf-dist/tex/latex/ly1/ly1ptm.fd
File: ly1ptm.fd 2001/02/01 font definitions for LY1/ptm using Berry names.
))
\c@section=\count100
\c@subsection=\count101
\c@subsubsection=\count102
\c@paragraph=\count103
\c@subparagraph=\count104
\c@figure=\count105
\c@table=\count106
\dropfromtop=\skip52
\extraspace=\skip53
\aboveskipchk=\skip54
\abovecaptionskip=\skip55
\belowcaptionskip=\skip56
\rotdimen=\dimen121
\tempdime=\dimen122
\temptbox=\box34

(/usr/share/texlive/texmf-dist/tex/latex/natbib/natbib.sty
Package: natbib 2010/09/13 8.31b (PWD, AO)
\bibhang=\skip57
\bibsep=\skip58
LaTeX Info: Redefining \cite on input line 694.
\c@NAT@ctr=\count107
))
(/usr/share/texlive/texmf-dist/tex/latex/hyperref/hyperref.sty
Package: hyperref 2012/11/06 v6.83m Hypertext links for LaTeX

(/usr/share/texlive/texmf-dist/tex/generic/oberdiek/hobsub-hyperref.sty
Package: hobsub-hyperref 2012/05/28 v1.13 Bundle oberdiek, subset hyperref (HO)


(/usr/share/texlive/texmf-dist/tex/generic/oberdiek/hobsub-generic.sty
Package: hobsub-generic 2012/05/28 v1.13 Bundle oberdiek, subset generic (HO)
Package: hobsub 2012/05/28 v1.13 Construct package bundles (HO)
Package hobsub Info: Skipping package `infwarerr' (already loaded).
Package hobsub Info: Skipping package `ltxcmds' (already loaded).
Package: ifluatex 2010/03/01 v1.3 Provides the ifluatex switch (HO)
Package ifluatex Info: LuaTeX not detected.
Package: ifvtex 2010/03/01 v1.5 Detect VTeX and its facilities (HO)
Package ifvtex Info: VTeX not detected.
Package: intcalc 2007/09/27 v1.1 Expandable calculations with integers (HO)
Package: ifpdf 2011/01/30 v2.3 Provides the ifpdf switch (HO)
Package ifpdf Info: pdfTeX in PDF mode is detected.
Package: etexcmds 2011/02/16 v1.5 Avoid name clashes with e-TeX commands (HO)
Package etexcmds Info: Could not find \expanded.
(etexcmds)             That can mean that you are not using pdfTeX 1.50 or
(etexcmds)             that some package has redefined \expanded.
(etexcmds)             In the latter case, load this package earlier.
Package: kvsetkeys 2012/04/25 v1.16 Key value parser (HO)
Package: kvdefinekeys 2011/04/07 v1.3 Define keys (HO)
Package: pdftexcmds 2011/11/29 v0.20 Utility functions of pdfTeX for LuaTeX (HO
)
Package pdftexcmds Info: LuaTeX not detected.
Package pdftexcmds Info: \pdf@primitive is available.
Package pdftexcmds Info: \pdf@ifprimitive is available.
Package pdftexcmds Info: \pdfdraftmode found.
Package: pdfescape 2011/11/25 v1.13 Implements pdfTeX's escape features (HO)
Package: bigintcalc 2012/04/08 v1.3 Expandable calculations on big integers (HO
)
Package: bitset 2011/01/30 v1.1 Handle bit-vector datatype (HO)
Package: uniquecounter 2011/01/30 v1.2 Provide unlimited unique counter (HO)
)
Package hobsub Info: Skipping package `hobsub' (already loaded).
Package: letltxmacro 2010/09/02 v1.4 Let assignment for LaTeX macros (HO)
Package: hopatch 2012/05/28 v1.2 Wrapper for package hooks (HO)
Package: xcolor-patch 2011/01/30 xcolor patch
Package: atveryend 2011/06/30 v1.8 Hooks at the very end of document (HO)
Package: atbegshi 2011/10/05 v1.16 At begin shipout hook (HO)
Package atbegshi Info: Package `crop' patched.
Package: refcount 2011/10/16 v3.4 Data extraction from label references (HO)
Package: hycolor 2011/01/30 v1.7 Color options for hyperref/bookmark (HO)
)
(/usr/share/texlive/texmf-dist/tex/generic/ifxetex/ifxetex.sty
Package: ifxetex 2010/09/12 v0.6 Provides ifxetex conditional
)
(/usr/share/texlive/texmf-dist/tex/latex/oberdiek/auxhook.sty
Package: auxhook 2011/03/04 v1.3 Hooks for auxiliary files (HO)
)
(/usr/share/texlive/texmf-dist/tex/latex/oberdiek/kvoptions.sty
Package: kvoptions 2011/06/30 v3.11 Key value format for package options (HO)
)
\@linkdim=\dimen123
\Hy@linkcounter=\count108
\Hy@pagecounter=\count109

(/usr/share/texlive/texmf-dist/tex/latex/hyperref/pd1enc.def
File: pd1enc.def 2012/11/06 v6.83m Hyperref: PDFDocEncoding definition (HO)
)
\Hy@SavedSpaceFactor=\count110

(/usr/share/texlive/texmf-dist/tex/latex/latexconfig/hyperref.cfg
File: hyperref.cfg 2002/06/06 v1.2 hyperref configuration of TeXLive
)
Package hyperref Info: Hyper figures OFF on input line 4443.
Package hyperref Info: Link nesting OFF on input line 4448.
Package hyperref Info: Hyper index ON on input line 4451.
Package hyperref Info: Plain pages OFF on input line 4458.
Package hyperref Info: Backreferencing OFF on input line 4463.
Package hyperref Info: Implicit mode ON; LaTeX internals redefined.
Package hyperref Info: Bookmarks ON on input line 4688.
LaTeX Info: Redefining \href on input line 4952.
\c@Hy@tempcnt=\count111

(/usr/share/texlive/texmf-dist/tex/latex/url/url.sty
\Urlmuskip=\muskip11
Package: url 2013/09/16  ver 3.4  Verb mode for urls, etc.
)
LaTeX Info: Redefining \url on input line 5041.
\XeTeXLinkMargin=\dimen124
\Fld@menulength=\count112
\Field@Width=\dimen125
\Fld@charsize=\dimen126
Package hyperref Info: Hyper figures OFF on input line 6295.
Package hyperref Info: Link nesting OFF on input line 6300.
Package hyperref Info: Hyper index ON on input line 6303.
Package hyperref Info: backreferencing OFF on input line 6310.
Package hyperref Info: Link coloring OFF on input line 6315.
Package hyperref Info: Link coloring with OCG OFF on input line 6320.
Package hyperref Info: PDF/A mode OFF on input line 6325.
LaTeX Info: Redefining \ref on input line 6365.
LaTeX Info: Redefining \pageref on input line 6369.
\Hy@abspage=\count113
\c@Item=\count114
\c@Hfootnote=\count115
)

Package hyperref Message: Driver (autodetected): hpdftex.

(/usr/share/texlive/texmf-dist/tex/latex/hyperref/hpdftex.def
File: hpdftex.def 2012/11/06 v6.83m Hyperref driver for pdfTeX
\Fld@listcount=\count116
\c@bookmark@seq@number=\count117

(/usr/share/texlive/texmf-dist/tex/latex/oberdiek/rerunfilecheck.sty
Package: rerunfilecheck 2011/04/15 v1.7 Rerun checks for auxiliary files (HO)
Package uniquecounter Info: New unique counter `rerunfilecheck' on input line 2
82.
)
\Hy@SectionHShift=\skip59
)
(/usr/share/texlive/texmf-dist/tex/latex/caption/subcaption.sty
Package: subcaption 2016/02/20 v1.1-142 Sub-captions (AR)

(/usr/share/texlive/texmf-dist/tex/latex/caption/caption.sty
Package: caption 2016/02/21 v3.3-144 Customizing captions (AR)

(/usr/share/texlive/texmf-dist/tex/latex/caption/caption3.sty
Package: caption3 2016/02/04 v1.7-139 caption3 kernel (AR)
Package caption3 Info: TeX engine: e-TeX on input line 67.
\captionmargin=\dimen127
\captionmargin@=\dimen128
\captionwidth=\dimen129
\caption@tempdima=\dimen130
\caption@indent=\dimen131
\caption@parindent=\dimen132
\caption@hangindent=\dimen133
Package caption Info: Unknown document class (or package),
(caption)             standard defaults will be used.
)

Package caption Warning: Unsupported document class (or package) detected,
(caption)                usage of the caption package is not recommended.
See the caption package documentation for explanation.

Package caption Info: \@makecaption = \long macro:#1#2->\vspace {\abovecaptions
kip }\begingroup \scriptsize \sffamily \text {\sfb #1.}\space {#2}\par \endgrou
p .
\c@ContinuedFloat=\count118
Package caption Info: hyperref package is loaded.
)
\c@subfigure=\count119
\c@subtable=\count120
) (./dfba-sbml.aux)
\openout1 = `dfba-sbml.aux'.

LaTeX Font Info:    Checking defaults for OML/cmm/m/it on input line 9.
LaTeX Font Info:    ... okay on input line 9.
LaTeX Font Info:    Checking defaults for T1/cmr/m/n on input line 9.
LaTeX Font Info:    ... okay on input line 9.
LaTeX Font Info:    Checking defaults for OT1/cmr/m/n on input line 9.
LaTeX Font Info:    ... okay on input line 9.
LaTeX Font Info:    Checking defaults for OMS/cmsy/m/n on input line 9.
LaTeX Font Info:    ... okay on input line 9.
LaTeX Font Info:    Checking defaults for OMX/cmex/m/n on input line 9.
LaTeX Font Info:    ... okay on input line 9.
LaTeX Font Info:    Checking defaults for U/cmr/m/n on input line 9.
LaTeX Font Info:    ... okay on input line 9.
LaTeX Font Info:    Checking defaults for LY1/ptm/m/n on input line 9.
LaTeX Font Info:    ... okay on input line 9.
LaTeX Font Info:    Checking defaults for PD1/pdf/m/n on input line 9.
LaTeX Font Info:    ... okay on input line 9.

(/usr/share/texlive/texmf-dist/tex/context/base/supp-pdf.mkii
[Loading MPS to PDF converter (version 2006.09.02).]
\scratchcounter=\count121
\scratchdimen=\dimen134
\scratchbox=\box35
\nofMPsegments=\count122
\nofMParguments=\count123
\everyMPshowfont=\toks31
\MPscratchCnt=\count124
\MPscratchDim=\dimen135
\MPnumerator=\count125
\makeMPintoPDFobject=\count126
\everyMPtoPDFconversion=\toks32
) (/usr/share/texlive/texmf-dist/tex/latex/oberdiek/epstopdf-base.sty
Package: epstopdf-base 2010/02/09 v2.5 Base part for package epstopdf

(/usr/share/texlive/texmf-dist/tex/latex/oberdiek/grfext.sty
Package: grfext 2010/08/19 v1.1 Manage graphics extensions (HO)
)
Package grfext Info: Graphics extension search list:
(grfext)             [.png,.pdf,.jpg,.mps,.jpeg,.jbig2,.jb2,.PNG,.PDF,.JPG,.JPE
G,.JBIG2,.JB2,.eps]
(grfext)             \AppendGraphicsExtensions on input line 452.

(/usr/share/texlive/texmf-dist/tex/latex/latexconfig/epstopdf-sys.cfg
File: epstopdf-sys.cfg 2010/07/13 v1.3 Configuration of (r)epstopdf for TeX Liv
e
))
Package crop Info: requested driver: `' on input line 9.
Package crop Info: detected driver: `pdftex' on input line 9.
Package crop Info: using `pdftex' graphics driver on input line 9.
\AtBeginShipoutBox=\box36
Package hyperref Info: Link coloring OFF on input line 9.

(/usr/share/texlive/texmf-dist/tex/latex/hyperref/nameref.sty
Package: nameref 2012/10/27 v2.43 Cross-referencing by name of section

(/usr/share/texlive/texmf-dist/tex/generic/oberdiek/gettitlestring.sty
Package: gettitlestring 2010/12/03 v1.4 Cleanup title references (HO)
)
\c@section@level=\count127
)
LaTeX Info: Redefining \ref on input line 9.
LaTeX Info: Redefining \pageref on input line 9.
LaTeX Info: Redefining \nameref on input line 9.

(./dfba-sbml.out) (./dfba-sbml.out)
\@outlinefile=\write3
\openout3 = `dfba-sbml.out'.

Package caption Info: Begin \AtBeginDocument code.
Package caption Info: End \AtBeginDocument code.
LaTeX Font Info:    Try loading font information for LY1+phv on input line 34.

(/usr/share/texlive/texmf-dist/tex/latex/ly1/ly1phv.fd
File: ly1phv.fd 2001/02/01 scalable font definitions for LY1/phv using Berry na
mes.
)
Package epstopdf Info: Source file: <bioRxiv.eps>
(epstopdf)                    date: 2018-01-08 20:21:47
(epstopdf)                    size: 19543 bytes
(epstopdf)             Output file: <bioRxiv-eps-converted-to.pdf>
(epstopdf)                    date: 2018-01-08 20:21:53
(epstopdf)                    size: 13152 bytes
(epstopdf)             Command: <repstopdf --outfile=bioRxiv-eps-converted-to.p
df bioRxiv.eps>
(epstopdf)             \includegraphics on input line 34.
Package epstopdf Info: Output file is already uptodate.

<bioRxiv-eps-converted-to.pdf, id=64, 92.345pt x 33.12375pt>
File: bioRxiv-eps-converted-to.pdf Graphic file (type pdf)

<use bioRxiv-eps-converted-to.pdf>
Package pdftex.def Info: bioRxiv-eps-converted-to.pdf used on input line 34.
(pdftex.def)             Requested size: 92.34476pt x 33.12366pt.

Overfull \hbox (21.34476pt too wide) detected at line 34
[] []
 []

LaTeX Font Info:    Font shape `LY1/phv/bx/n' in size <8> not available
(Font)              Font shape `LY1/phv/b/n' tried instead on input line 34.
LaTeX Font Info:    Font shape `LY1/phv/bx/n' in size <18> not available
(Font)              Font shape `LY1/phv/b/n' tried instead on input line 34.
LaTeX Font Info:    Font shape `LY1/phv/bx/n' in size <12> not available
(Font)              Font shape `LY1/phv/b/n' tried instead on input line 34.
LaTeX Font Info:    Try loading font information for U+msa on input line 34.
(/usr/share/texlive/texmf-dist/tex/latex/amsfonts/umsa.fd
File: umsa.fd 2013/01/14 v3.01 AMS symbols A
)
LaTeX Font Info:    Try loading font information for U+msb on input line 34.

(/usr/share/texlive/texmf-dist/tex/latex/amsfonts/umsb.fd
File: umsb.fd 2013/01/14 v3.01 AMS symbols B
)
LaTeX Font Info:    Font shape `LY1/phv/bx/n' in size <9> not available
(Font)              Font shape `LY1/phv/b/n' tried instead on input line 34.
LaTeX Font Info:    Font shape `LY1/phv/bx/n' in size <7> not available
(Font)              Font shape `LY1/phv/b/n' tried instead on input line 34.


LaTeX Font Warning: Font shape `OT1/cmr/m/n' in size <6.5> not available
(Font)              size <6> substituted on input line 34.


LaTeX Font Warning: Font shape `OML/cmm/m/it' in size <6.5> not available
(Font)              size <6> substituted on input line 34.


LaTeX Font Warning: Font shape `OMS/cmsy/m/n' in size <6.5> not available
(Font)              size <6> substituted on input line 34.

LaTeX Font Info:    Calculating math sizes for size <8.5> on input line 34.

LaTeX Font Warning: Font shape `OT1/cmr/m/n' in size <8.5> not available
(Font)              size <8> substituted on input line 34.


LaTeX Font Warning: Font shape `OT1/cmr/m/n' in size <4.25> not available
(Font)              size <5> substituted on input line 34.


LaTeX Font Warning: Font shape `OML/cmm/m/it' in size <8.5> not available
(Font)              size <8> substituted on input line 34.


LaTeX Font Warning: Font shape `OML/cmm/m/it' in size <4.25> not available
(Font)              size <5> substituted on input line 34.


LaTeX Font Warning: Font shape `OMS/cmsy/m/n' in size <8.5> not available
(Font)              size <8> substituted on input line 34.


LaTeX Font Warning: Font shape `OMS/cmsy/m/n' in size <4.25> not available
(Font)              size <5> substituted on input line 34.

LaTeX Font Info:    Font shape `LY1/phv/bx/n' in size <10> not available
(Font)              Font shape `LY1/phv/b/n' tried instead on input line 34.
LaTeX Font Info:    Try loading font information for LY1+pcr on input line 34.
(/usr/share/texlive/texmf-dist/tex/latex/ly1/ly1pcr.fd
File: ly1pcr.fd 2001/02/01 font definitions for LY1/pcr using Berry names.
)
Underfull \hbox (badness 10000) in paragraph at lines 34--34

 []


Underfull \hbox (badness 10000) detected at line 34
[]
 []


Underfull \vbox (badness 10000) has occurred while \output is active []


Overfull \hbox (1.12001pt too wide) has occurred while \output is active
 []
 []

[1{/var/lib/texmf/fonts/map/pdftex/updmap/pdftex.map}



 <./bioRxiv-eps-converted-to.pdf>]
Underfull \hbox (badness 1107) in paragraph at lines 58--60
\LY1/ptm/m/n/8 (SOA), \LY1/ptm/m/it/8 dynamic optimization approach \LY1/ptm/m/
n/8 (DOA), or \LY1/ptm/m/it/8 direct approach
 []


Underfull \hbox (badness 1558) in paragraph at lines 65--67
[]\LY1/ptm/m/n/8 While it is possible to replicate the same scripts in differen
t
 []


Underfull \hbox (badness 1087) in paragraph at lines 69--73
\LY1/ptm/m/n/8 In order to achieve exchangeability and reproducibility of model
s,
 []


Underfull \hbox (badness 1152) in paragraph at lines 76--77
\LY1/ptm/m/n/8 This paper demonstrates that this scheme provides exchangeabilit
y
 []

<figures/Fig1_simulation_algorithm.pdf, id=165, 483.27852pt x 577.31487pt>
File: figures/Fig1_simulation_algorithm.pdf Graphic file (type pdf)

<use figures/Fig1_simulation_algorithm.pdf>
Package pdftex.def Info: figures/Fig1_simulation_algorithm.pdf used on input li
ne 94.
(pdftex.def)             Requested size: 234.0pt x 279.53049pt.

Underfull \vbox (badness 10000) has occurred while \output is active []

LaTeX Font Info:    Font shape `LY1/phv/m/it' in size <8> not available
(Font)              Font shape `LY1/phv/m/sl' tried instead on input line 96.

Overfull \hbox (252.0pt too wide) has occurred while \output is active
[][] 
 []

[2]
Underfull \hbox (badness 1281) in paragraph at lines 100--101
[]\LY1/ptm/m/n/8 After computing reaction fluxes, the update step is performed
 []


Underfull \hbox (badness 4353) in paragraph at lines 102--104
\LY1/ptm/m/n/8 and Myers[], []2014[]) for simulation. The \LY1/pcr/m/n/8 sbmlut
ils \LY1/ptm/m/n/8 tool uses
 []


Underfull \hbox (badness 1226) in paragraph at lines 102--104
\LY1/ptm/m/it/8 roadrunner \LY1/ptm/m/n/8 ([]Somogyi \LY1/ptm/m/it/8 et al.[]\L
Y1/ptm/m/n/8 , []2015[]) for the kinetic simulation and
 []


Underfull \hbox (badness 1259) in paragraph at lines 111--112
\LY1/ptm/m/n/8 constraints of the FBA models. Depending on how a solver and
 []


Overfull \hbox (252.0pt too wide) has occurred while \output is active
[][] 
 []

[3 <./figures/Fig1_simulation_algorithm.pdf>]
<figures/Fig2_dfba_schema.pdf, id=268, 410.07906pt x 387.80786pt>
File: figures/Fig2_dfba_schema.pdf Graphic file (type pdf)

<use figures/Fig2_dfba_schema.pdf>
Package pdftex.def Info: figures/Fig2_dfba_schema.pdf used on input line 137.
(pdftex.def)             Requested size: 234.0pt x 221.2954pt.

Underfull \vbox (badness 10000) has occurred while \output is active []


<figures/Fig3_toy_wholecell_schema.pdf, id=274, 764.08263pt x 457.3627pt>
File: figures/Fig3_toy_wholecell_schema.pdf Graphic file (type pdf)

<use figures/Fig3_toy_wholecell_schema.pdf>
Package pdftex.def Info: figures/Fig3_toy_wholecell_schema.pdf used on input li
ne 159.
(pdftex.def)             Requested size: 486.0pt x 290.9106pt.

<figures/Fig4_toy_wholecell_mk_v14-sbmlutils_dt0_1_tend50_0.pdf, id=284, 616.10
805pt x 333.77512pt>
File: figures/Fig4_toy_wholecell_mk_v14-sbmlutils_dt0_1_tend50_0.pdf Graphic fi
le (type pdf)

<use figures/Fig4_toy_wholecell_mk_v14-sbmlutils_dt0_1_tend50_0.pdf>
Package pdftex.def Info: figures/Fig4_toy_wholecell_mk_v14-sbmlutils_dt0_1_tend
50_0.pdf used on input line 168.
(pdftex.def)             Requested size: 243.0pt x 131.64363pt.

<figures/Fig4_toy_wholecell_mk_v14-ibiosim_dt0_1_tend50_0.pdf, id=285, 616.1080
5pt x 333.77512pt>
File: figures/Fig4_toy_wholecell_mk_v14-ibiosim_dt0_1_tend50_0.pdf Graphic file
 (type pdf)

<use figures/Fig4_toy_wholecell_mk_v14-ibiosim_dt0_1_tend50_0.pdf>
Package pdftex.def Info: figures/Fig4_toy_wholecell_mk_v14-ibiosim_dt0_1_tend50
_0.pdf used on input line 172.
(pdftex.def)             Requested size: 243.0pt x 131.64363pt.

Overfull \hbox (3.36003pt too wide) in paragraph at lines 168--175
[][]   [] 
 []


Underfull \vbox (badness 10000) has occurred while \output is active []


Overfull \hbox (252.0pt too wide) has occurred while \output is active
[][] 
 []

[4 <./figures/Fig2_dfba_schema.pdf>]
Underfull \hbox (badness 1661) in paragraph at lines 179--180
\LY1/ptm/m/n/8 (COMBINE archive in Supplementary Material []S5[], corresponding

 []

LaTeX Font Info:    Font shape `LY1/phv/m/it' in size <9> not available
(Font)              Font shape `LY1/phv/m/sl' tried instead on input line 182.

Underfull \vbox (badness 10000) has occurred while \output is active []


Underfull \vbox (badness 10000) has occurred while \output is active []


Overfull \hbox (252.0pt too wide) has occurred while \output is active
[][] 
 []

[5 <./figures/Fig3_toy_wholecell_schema.pdf> <./figures/Fig4_toy_wholecell_mk_v
14-sbmlutils_dt0_1_tend50_0.pdf

pdfTeX warning: pdflatex (file ./figures/Fig4_toy_wholecell_mk_v14-sbmlutils_dt
0_1_tend50_0.pdf): PDF inclusion: multiple pdfs with page group included in a s
ingle page
> <./figures/Fig4_toy_wholecell_mk_v14-ibiosim_dt0_1_tend50_0.pdf

pdfTeX warning: pdflatex (file ./figures/Fig4_toy_wholecell_mk_v14-ibiosim_dt0_
1_tend50_0.pdf): PDF inclusion: multiple pdfs with page group included in a sin
gle page
>]
<figures/Fig5_diauxic_growth_lw_v4-sbmlutils_dt0_01_tend15_0.pdf, id=1176, 620.
56703pt x 606.59436pt>
File: figures/Fig5_diauxic_growth_lw_v4-sbmlutils_dt0_01_tend15_0.pdf Graphic f
ile (type pdf)

<use figures/Fig5_diauxic_growth_lw_v4-sbmlutils_dt0_01_tend15_0.pdf>
Package pdftex.def Info: figures/Fig5_diauxic_growth_lw_v4-sbmlutils_dt0_01_ten
d15_0.pdf used on input line 207.
(pdftex.def)             Requested size: 243.0pt x 237.5242pt.

<figures/Fig5_diauxic_growth_lw_v4-ibiosim_dt0_01_tend15_0.pdf, id=1177, 620.56
703pt x 606.59436pt>
File: figures/Fig5_diauxic_growth_lw_v4-ibiosim_dt0_01_tend15_0.pdf Graphic fil
e (type pdf)

<use figures/Fig5_diauxic_growth_lw_v4-ibiosim_dt0_01_tend15_0.pdf>
Package pdftex.def Info: figures/Fig5_diauxic_growth_lw_v4-ibiosim_dt0_01_tend1
5_0.pdf used on input line 212.
(pdftex.def)             Requested size: 243.0pt x 237.5242pt.

Overfull \hbox (3.36003pt too wide) in paragraph at lines 207--215
[][]   [] 
 []


<figures/Fig6_ecoli_mk_v6-sbmlutils_dt0_01_tend3_5.pdf, id=1184, 627.60413pt x 
606.59436pt>
File: figures/Fig6_ecoli_mk_v6-sbmlutils_dt0_01_tend3_5.pdf Graphic file (type 
pdf)
 <use figures/Fig6_ecoli_mk_v6-sbmlutils_dt0_01_tend3_5.pdf>
Package pdftex.def Info: figures/Fig6_ecoli_mk_v6-sbmlutils_dt0_01_tend3_5.pdf 
used on input line 225.
(pdftex.def)             Requested size: 234.0pt x 226.16725pt.

Overfull \hbox (252.0pt too wide) has occurred while \output is active
[][] 
 []

[6] (./dfba-sbml.bbl
LaTeX Font Info:    Font shape `LY1/ptm/bx/n' in size <8> not available
(Font)              Font shape `LY1/ptm/b/n' tried instead on input line 7.

Overfull \hbox (252.0pt too wide) has occurred while \output is active
[][] 
 []

[7 <./figures/Fig5_diauxic_growth_lw_v4-sbmlutils_dt0_01_tend15_0.pdf> <./figur
es/Fig5_diauxic_growth_lw_v4-ibiosim_dt0_01_tend15_0.pdf

pdfTeX warning: pdflatex (file ./figures/Fig5_diauxic_growth_lw_v4-ibiosim_dt0_
01_tend15_0.pdf): PDF inclusion: multiple pdfs with page group included in a si
ngle page
> <./figures/Fig6_ecoli_mk_v6-sbmlutils_dt0_01_tend3_5.pdf

pdfTeX warning: pdflatex (file ./figures/Fig6_ecoli_mk_v6-sbmlutils_dt0_01_tend
3_5.pdf): PDF inclusion: multiple pdfs with page group included in a single pag
e
>]
Underfull \hbox (badness 6477) in paragraph at lines 82--84
[]\LY1/ptm/m/n/8 König, M. (2017).  matthiaskoenig/sbmlutils: sbmlutils-v0.1.8
 []


Underfull \hbox (badness 1314) in paragraph at lines 149--153
\LY1/ptm/m/n/8 networks for predicting wine fermentations.  \LY1/ptm/m/it/8 Bio
technology and
 []


Underfull \hbox (badness 1048) in paragraph at lines 178--181
[]\LY1/ptm/m/n/8 Varma, A. \LY1/ptm/m/it/8 et al. \LY1/ptm/m/n/8 (1993).  Bioch
emical production capabilities of
 []

)
- LAST -
Extra skip:11.096pt
Left:439.0pt/1.424pt
Right:427.904pt/1.424pt
Output:439.952pt

Overfull \hbox (252.0pt too wide) has occurred while \output is active
[][] 
 []

[8]
Package atveryend Info: Empty hook `BeforeClearDocument' on input line 273.
Package atveryend Info: Empty hook `AfterLastShipout' on input line 273.
 (./dfba-sbml.aux)
Package atveryend Info: Executing hook `AtVeryEndDocument' on input line 273.
Package atveryend Info: Executing hook `AtEndAfterFileList' on input line 273.
Package rerunfilecheck Info: File `dfba-sbml.out' has not changed.
(rerunfilecheck)             Checksum: 35CFFA5825D3FDCD7F7E2C63DC2FD412;1075.


LaTeX Font Warning: Size substitutions with differences
(Font)              up to 0.75pt have occurred.

 ) 
Here is how much of TeX's memory you used:
 8991 strings out of 493029
 131148 string characters out of 6136235
 252570 words of memory out of 5000000
 12297 multiletter control sequences out of 15000+600000
 53263 words of font info for 96 fonts, out of 8000000 for 9000
 1145 hyphenation exceptions out of 8191
 42i,11n,43p,1283b,496s stack positions out of 5000i,500n,10000p,200000b,80000s
{/usr/share/texlive/texmf-dist/fonts/enc/dvips/ly1/texnansi.enc}</usr/share/t
exlive/texmf-dist/fonts/type1/public/amsfonts/cmextra/cmbsy9.pfb></usr/share/te
xlive/texmf-dist/fonts/type1/public/amsfonts/cm/cmmi5.pfb></usr/share/texlive/t
exmf-dist/fonts/type1/public/amsfonts/cm/cmmi6.pfb></usr/share/texlive/texmf-di
st/fonts/type1/public/amsfonts/cm/cmmi8.pfb></usr/share/texlive/texmf-dist/font
s/type1/public/amsfonts/cmextra/cmmib9.pfb></usr/share/texlive/texmf-dist/fonts
/type1/public/amsfonts/cm/cmr5.pfb></usr/share/texlive/texmf-dist/fonts/type1/p
ublic/amsfonts/cm/cmr6.pfb></usr/share/texlive/texmf-dist/fonts/type1/public/am
sfonts/cm/cmr8.pfb></usr/share/texlive/texmf-dist/fonts/type1/public/amsfonts/c
m/cmsy6.pfb></usr/share/texlive/texmf-dist/fonts/type1/public/amsfonts/cm/cmsy8
.pfb></usr/share/texlive/texmf-dist/fonts/type1/public/amsfonts/latxfont/lcircl
e1.pfb></usr/share/texlive/texmf-dist/fonts/type1/urw/courier/ucrr8a.pfb></usr/
share/texlive/texmf-dist/fonts/type1/urw/helvetic/uhvb8a.pfb></usr/share/texliv
e/texmf-dist/fonts/type1/urw/helvetic/uhvr8a.pfb></usr/share/texlive/texmf-dist
/fonts/type1/urw/helvetic/uhvr8ac.pfb></usr/share/texlive/texmf-dist/fonts/type
1/urw/helvetic/uhvro8a.pfb></usr/share/texlive/texmf-dist/fonts/type1/urw/helve
tic/uhvro8ac.pfb></usr/share/texlive/texmf-dist/fonts/type1/urw/times/utmb8a.pf
b></usr/share/texlive/texmf-dist/fonts/type1/urw/times/utmr8a.pfb></usr/share/t
exlive/texmf-dist/fonts/type1/urw/times/utmri8a.pfb>
Output written on dfba-sbml.pdf (8 pages, 1665670 bytes).
PDF statistics:
 1518 PDF objects out of 1728 (max. 8388607)
 784 compressed objects within 8 object streams
 80 named destinations out of 1000 (max. 500000)
 166 words of extra memory for PDF output out of 10000 (max. 10000000)

